# JRE version: OpenJDK Runtime Environment (7.0_51) (build 1.7.0_51-b00)
# Java VM: OpenJDK 64-Bit Server VM (24.45-b08 mixed mode linux-amd64 compressed oops)
Heap
 PSYoungGen      total 154112K, used 50095K [0x00000000f0000000, 0x00000000f9800000, 0x0000000100000000)
  eden space 152576K, 32% used [0x00000000f0000000,0x00000000f30ebcd0,0x00000000f9500000)
  from space 1536K, 0% used [0x00000000f9680000,0x00000000f9680000,0x00000000f9800000)
  to   space 1536K, 0% used [0x00000000f9500000,0x00000000f9500000,0x00000000f9680000)
 ParOldGen       total 135680K, used 75596K [0x00000000d0000000, 0x00000000d8480000, 0x00000000f0000000)
  object space 135680K, 55% used [0x00000000d0000000,0x00000000d49d3208,0x00000000d8480000)
 PSPermGen       total 94720K, used 94335K [0x00000000c0000000, 0x00000000c5c80000, 0x00000000d0000000)
  object space 94720K, 99% used [0x00000000c0000000,0x00000000c5c1ff60,0x00000000c5c80000)
GC Heap History (10 events):
Event: 26993.259 GC heap before
{Heap before GC invocations=877 (full 429):
 PSYoungGen      total 154112K, used 160K [0x00000000f0000000, 0x00000000f9800000, 0x0000000100000000)
  eden space 152576K, 0% used [0x00000000f0000000,0x00000000f0000000,0x00000000f9500000)
  from space 1536K, 10% used [0x00000000f9680000,0x00000000f96a8000,0x00000000f9800000)
  to   space 1536K, 0% used [0x00000000f9500000,0x00000000f9500000,0x00000000f9680000)
 ParOldGen       total 135680K, used 75275K [0x00000000d0000000, 0x00000000d8480000, 0x00000000f0000000)
  object space 135680K, 55% used [0x00000000d0000000,0x00000000d4982ce8,0x00000000d8480000)
 PSPermGen       total 93696K, used 93335K [0x00000000c0000000, 0x00000000c5b80000, 0x00000000d0000000)
  object space 93696K, 99% used [0x00000000c0000000,0x00000000c5b25d50,0x00000000c5b80000)
Event: 26993.498 GC heap after
Heap after GC invocations=877 (full 429):
 PSYoungGen      total 154112K, used 0K [0x00000000f0000000, 0x00000000f9800000, 0x0000000100000000)
  eden space 152576K, 0% used [0x00000000f0000000,0x00000000f0000000,0x00000000f9500000)
  from space 1536K, 0% used [0x00000000f9680000,0x00000000f9680000,0x00000000f9800000)
  to   space 1536K, 0% used [0x00000000f9500000,0x00000000f9500000,0x00000000f9680000)
 ParOldGen       total 135680K, used 75258K [0x00000000d0000000, 0x00000000d8480000, 0x00000000f0000000)
  object space 135680K, 55% used [0x00000000d0000000,0x00000000d497e9f0,0x00000000d8480000)
 PSPermGen       total 93696K, used 93335K [0x00000000c0000000, 0x00000000c5b80000, 0x00000000d0000000)
  object space 93696K, 99% used [0x00000000c0000000,0x00000000c5b25d50,0x00000000c5b80000)
}
Event: 27053.255 GC heap before
{Heap before GC invocations=878 (full 429):
 PSYoungGen      total 154112K, used 11573K [0x00000000f0000000, 0x00000000f9800000, 0x0000000100000000)
  eden space 152576K, 7% used [0x00000000f0000000,0x00000000f0b4d6a0,0x00000000f9500000)
  from space 1536K, 0% used [0x00000000f9680000,0x00000000f9680000,0x00000000f9800000)
  to   space 1536K, 0% used [0x00000000f9500000,0x00000000f9500000,0x00000000f9680000)
 ParOldGen       total 135680K, used 75258K [0x00000000d0000000, 0x00000000d8480000, 0x00000000f0000000)
  object space 135680K, 55% used [0x00000000d0000000,0x00000000d497e9f0,0x00000000d8480000)
 PSPermGen       total 93696K, used 93346K [0x00000000c0000000, 0x00000000c5b80000, 0x00000000d0000000)
  object space 93696K, 99% used [0x00000000c0000000,0x00000000c5b28b08,0x00000000c5b80000)
Event: 27053.266 GC heap after
Heap after GC invocations=878 (full 429):
 PSYoungGen      total 154112K, used 736K [0x00000000f0000000, 0x00000000f9800000, 0x0000000100000000)
  eden space 152576K, 0% used [0x00000000f0000000,0x00000000f0000000,0x00000000f9500000)
  from space 1536K, 47% used [0x00000000f9500000,0x00000000f95b8000,0x00000000f9680000)
  to   space 1536K, 0% used [0x00000000f9680000,0x00000000f9680000,0x00000000f9800000)
 ParOldGen       total 135680K, used 75258K [0x00000000d0000000, 0x00000000d8480000, 0x00000000f0000000)
  object space 135680K, 55% used [0x00000000d0000000,0x00000000d497e9f0,0x00000000d8480000)
 PSPermGen       total 93696K, used 93346K [0x00000000c0000000, 0x00000000c5b80000, 0x00000000d0000000)
  object space 93696K, 99% used [0x00000000c0000000,0x00000000c5b28b08,0x00000000c5b80000)
}
Event: 27053.266 GC heap before
{Heap before GC invocations=879 (full 430):
 PSYoungGen      total 154112K, used 736K [0x00000000f0000000, 0x00000000f9800000, 0x0000000100000000)
  eden space 152576K, 0% used [0x00000000f0000000,0x00000000f0000000,0x00000000f9500000)
  from space 1536K, 47% used [0x00000000f9500000,0x00000000f95b8000,0x00000000f9680000)
  to   space 1536K, 0% used [0x00000000f9680000,0x00000000f9680000,0x00000000f9800000)
 ParOldGen       total 135680K, used 75258K [0x00000000d0000000, 0x00000000d8480000, 0x00000000f0000000)
  object space 135680K, 55% used [0x00000000d0000000,0x00000000d497e9f0,0x00000000d8480000)
 PSPermGen       total 93696K, used 93346K [0x00000000c0000000, 0x00000000c5b80000, 0x00000000d0000000)
  object space 93696K, 99% used [0x00000000c0000000,0x00000000c5b28b08,0x00000000c5b80000)
Event: 27053.514 GC heap after
Heap after GC invocations=879 (full 430):
 PSYoungGen      total 154112K, used 0K [0x00000000f0000000, 0x00000000f9800000, 0x0000000100000000)
  eden space 152576K, 0% used [0x00000000f0000000,0x00000000f0000000,0x00000000f9500000)
  from space 1536K, 0% used [0x00000000f9500000,0x00000000f9500000,0x00000000f9680000)
  to   space 1536K, 0% used [0x00000000f9680000,0x00000000f9680000,0x00000000f9800000)
 ParOldGen       total 135680K, used 75594K [0x00000000d0000000, 0x00000000d8480000, 0x00000000f0000000)
  object space 135680K, 55% used [0x00000000d0000000,0x00000000d49d2ac0,0x00000000d8480000)
 PSPermGen       total 93696K, used 93346K [0x00000000c0000000, 0x00000000c5b80000, 0x00000000d0000000)
  object space 93696K, 99% used [0x00000000c0000000,0x00000000c5b28b08,0x00000000c5b80000)
}
Event: 27113.515 GC heap before
{Heap before GC invocations=880 (full 430):
 PSYoungGen      total 154112K, used 2025K [0x00000000f0000000, 0x00000000f9800000, 0x0000000100000000)
  eden space 152576K, 1% used [0x00000000f0000000,0x00000000f01fa698,0x00000000f9500000)
  from space 1536K, 0% used [0x00000000f9500000,0x00000000f9500000,0x00000000f9680000)
  to   space 1536K, 0% used [0x00000000f9680000,0x00000000f9680000,0x00000000f9800000)
 ParOldGen       total 135680K, used 75594K [0x00000000d0000000, 0x00000000d8480000, 0x00000000f0000000)
  object space 135680K, 55% used [0x00000000d0000000,0x00000000d49d2ac0,0x00000000d8480000)
 PSPermGen       total 93696K, used 93346K [0x00000000c0000000, 0x00000000c5b80000, 0x00000000d0000000)
  object space 93696K, 99% used [0x00000000c0000000,0x00000000c5b28b08,0x00000000c5b80000)
Event: 27113.520 GC heap after
Heap after GC invocations=880 (full 430):
 PSYoungGen      total 154112K, used 32K [0x00000000f0000000, 0x00000000f9800000, 0x0000000100000000)
  eden space 152576K, 0% used [0x00000000f0000000,0x00000000f0000000,0x00000000f9500000)
  from space 1536K, 2% used [0x00000000f9680000,0x00000000f9688000,0x00000000f9800000)
  to   space 1536K, 0% used [0x00000000f9500000,0x00000000f9500000,0x00000000f9680000)
 ParOldGen       total 135680K, used 75602K [0x00000000d0000000, 0x00000000d8480000, 0x00000000f0000000)
  object space 135680K, 55% used [0x00000000d0000000,0x00000000d49d4ac0,0x00000000d8480000)
 PSPermGen       total 93696K, used 93346K [0x00000000c0000000, 0x00000000c5b80000, 0x00000000d0000000)
  object space 93696K, 99% used [0x00000000c0000000,0x00000000c5b28b08,0x00000000c5b80000)
}
Event: 27113.520 GC heap before
{Heap before GC invocations=881 (full 431):
 PSYoungGen      total 154112K, used 32K [0x00000000f0000000, 0x00000000f9800000, 0x0000000100000000)
  eden space 152576K, 0% used [0x00000000f0000000,0x00000000f0000000,0x00000000f9500000)
  from space 1536K, 2% used [0x00000000f9680000,0x00000000f9688000,0x00000000f9800000)
  to   space 1536K, 0% used [0x00000000f9500000,0x00000000f9500000,0x00000000f9680000)
 ParOldGen       total 135680K, used 75602K [0x00000000d0000000, 0x00000000d8480000, 0x00000000f0000000)
  object space 135680K, 55% used [0x00000000d0000000,0x00000000d49d4ac0,0x00000000d8480000)
 PSPermGen       total 93696K, used 93346K [0x00000000c0000000, 0x00000000c5b80000, 0x00000000d0000000)
  object space 93696K, 99% used [0x00000000c0000000,0x00000000c5b28b08,0x00000000c5b80000)
Event: 27113.761 GC heap after
Heap after GC invocations=881 (full 431):
 PSYoungGen      total 154112K, used 0K [0x00000000f0000000, 0x00000000f9800000, 0x0000000100000000)
  eden space 152576K, 0% used [0x00000000f0000000,0x00000000f0000000,0x00000000f9500000)
  from space 1536K, 0% used [0x00000000f9680000,0x00000000f9680000,0x00000000f9800000)
  to   space 1536K, 0% used [0x00000000f9500000,0x00000000f9500000,0x00000000f9680000)
 ParOldGen       total 135680K, used 75596K [0x00000000d0000000, 0x00000000d8480000, 0x00000000f0000000)
  object space 135680K, 55% used [0x00000000d0000000,0x00000000d49d3208,0x00000000d8480000)
 PSPermGen       total 93696K, used 93346K [0x00000000c0000000, 0x00000000c5b80000, 0x00000000d0000000)
  object space 93696K, 99% used [0x00000000c0000000,0x00000000c5b28b08,0x00000000c5b80000)
}

